# JRE version: OpenJDK Runtime Environment Microsoft-11369940 (21.0.7+6) (build 21.0.7+6-LTS)
# Java VM: OpenJDK 64-Bit Server VM Microsoft-11369940 (21.0.7+6-LTS, mixed mode, sharing, tiered, compressed oops, compressed class ptrs, g1 gc, windows-amd64)
GC Precious Log:
 CardTable entry size: 512
 Card Set container configuration: InlinePtr #cards 5 size 8 Array Of Cards #cards 12 size 40 Howl #buckets 4 coarsen threshold 1843 Howl Bitmap #cards 512 size 80 coarsen threshold 460 Card regions per heap region 1 cards per card region 2048
 CPUs: 8 total, 8 available
 Memory: 7973M
 Large Page Support: Disabled
 NUMA Support: Disabled
 Compressed Oops: Enabled (32-bit)
 Heap Region Size: 1M
 Heap Min Capacity: 8M
 Heap Initial Capacity: 126M
 Heap Max Capacity: 1994M
 Pre-touch: Disabled
 Parallel Workers: 8
 Concurrent Workers: 2
 Concurrent Refinement Workers: 8
 Periodic GC: Disabled
Heap:
 garbage-first heap   total 87040K, used 46998K [0x0000000083600000, 0x0000000100000000)
  region size 1024K, 2 young (2048K), 2 survivors (2048K)
 Metaspace       used 63011K, committed 63616K, reserved 1114112K
  class space    used 8805K, committed 9088K, reserved 1048576K
GC Heap History (20 events):
Event: 5.480 GC heap after
{Heap after GC invocations=11 (full 0):
 garbage-first heap   total 51200K, used 23154K [0x0000000083600000, 0x0000000100000000)
  region size 1024K, 2 young (2048K), 2 survivors (2048K)
 Metaspace       used 49014K, committed 49536K, reserved 1114112K
  class space    used 6448K, committed 6656K, reserved 1048576K
}
Event: 5.851 GC heap before
{Heap before GC invocations=11 (full 0):
 garbage-first heap   total 51200K, used 42610K [0x0000000083600000, 0x0000000100000000)
  region size 1024K, 22 young (22528K), 2 survivors (2048K)
 Metaspace       used 54447K, committed 55040K, reserved 1114112K
  class space    used 7339K, committed 7616K, reserved 1048576K
}
Event: 5.853 GC heap after
{Heap after GC invocations=12 (full 0):
 garbage-first heap   total 51200K, used 24142K [0x0000000083600000, 0x0000000100000000)
  region size 1024K, 3 young (3072K), 3 survivors (3072K)
 Metaspace       used 54447K, committed 55040K, reserved 1114112K
  class space    used 7339K, committed 7616K, reserved 1048576K
}
Event: 6.368 GC heap before
{Heap before GC invocations=12 (full 0):
 garbage-first heap   total 51200K, used 43598K [0x0000000083600000, 0x0000000100000000)
  region size 1024K, 22 young (22528K), 3 survivors (3072K)
 Metaspace       used 58767K, committed 59392K, reserved 1114112K
  class space    used 7895K, committed 8192K, reserved 1048576K
}
Event: 6.373 GC heap after
{Heap after GC invocations=13 (full 0):
 garbage-first heap   total 51200K, used 26095K [0x0000000083600000, 0x0000000100000000)
  region size 1024K, 3 young (3072K), 3 survivors (3072K)
 Metaspace       used 58767K, committed 59392K, reserved 1114112K
  class space    used 7895K, committed 8192K, reserved 1048576K
}
Event: 6.464 GC heap before
{Heap before GC invocations=13 (full 0):
 garbage-first heap   total 51200K, used 29167K [0x0000000083600000, 0x0000000100000000)
  region size 1024K, 7 young (7168K), 3 survivors (3072K)
 Metaspace       used 59893K, committed 60480K, reserved 1114112K
  class space    used 8039K, committed 8320K, reserved 1048576K
}
Event: 6.467 GC heap after
{Heap after GC invocations=14 (full 0):
 garbage-first heap   total 51200K, used 26659K [0x0000000083600000, 0x0000000100000000)
  region size 1024K, 1 young (1024K), 1 survivors (1024K)
 Metaspace       used 59893K, committed 60480K, reserved 1114112K
  class space    used 8039K, committed 8320K, reserved 1048576K
}
Event: 6.716 GC heap before
{Heap before GC invocations=15 (full 0):
 garbage-first heap   total 51200K, used 45091K [0x0000000083600000, 0x0000000100000000)
  region size 1024K, 19 young (19456K), 1 survivors (1024K)
 Metaspace       used 61179K, committed 61760K, reserved 1114112K
  class space    used 8428K, committed 8704K, reserved 1048576K
}
Event: 6.718 GC heap after
{Heap after GC invocations=16 (full 0):
 garbage-first heap   total 51200K, used 27261K [0x0000000083600000, 0x0000000100000000)
  region size 1024K, 2 young (2048K), 2 survivors (2048K)
 Metaspace       used 61179K, committed 61760K, reserved 1114112K
  class space    used 8428K, committed 8704K, reserved 1048576K
}
Event: 6.773 GC heap before
{Heap before GC invocations=16 (full 0):
 garbage-first heap   total 51200K, used 43645K [0x0000000083600000, 0x0000000100000000)
  region size 1024K, 19 young (19456K), 2 survivors (2048K)
 Metaspace       used 61198K, committed 61888K, reserved 1114112K
  class space    used 8430K, committed 8768K, reserved 1048576K
}
Event: 6.781 GC heap after
{Heap after GC invocations=17 (full 0):
 garbage-first heap   total 54272K, used 33225K [0x0000000083600000, 0x0000000100000000)
  region size 1024K, 3 young (3072K), 3 survivors (3072K)
 Metaspace       used 61198K, committed 61888K, reserved 1114112K
  class space    used 8430K, committed 8768K, reserved 1048576K
}
Event: 6.947 GC heap before
{Heap before GC invocations=17 (full 0):
 garbage-first heap   total 54272K, used 44489K [0x0000000083600000, 0x0000000100000000)
  region size 1024K, 15 young (15360K), 3 survivors (3072K)
 Metaspace       used 62998K, committed 63616K, reserved 1114112K
  class space    used 8805K, committed 9088K, reserved 1048576K
}
Event: 6.951 GC heap after
{Heap after GC invocations=18 (full 0):
 garbage-first heap   total 54272K, used 35788K [0x0000000083600000, 0x0000000100000000)
  region size 1024K, 2 young (2048K), 2 survivors (2048K)
 Metaspace       used 62998K, committed 63616K, reserved 1114112K
  class space    used 8805K, committed 9088K, reserved 1048576K
}
Event: 7.000 GC heap before
{Heap before GC invocations=19 (full 0):
 garbage-first heap   total 60416K, used 47052K [0x0000000083600000, 0x0000000100000000)
  region size 1024K, 13 young (13312K), 2 survivors (2048K)
 Metaspace       used 62998K, committed 63616K, reserved 1114112K
  class space    used 8805K, committed 9088K, reserved 1048576K
}
Event: 7.005 GC heap after
{Heap after GC invocations=20 (full 0):
 garbage-first heap   total 60416K, used 40654K [0x0000000083600000, 0x0000000100000000)
  region size 1024K, 2 young (2048K), 2 survivors (2048K)
 Metaspace       used 62998K, committed 63616K, reserved 1114112K
  class space    used 8805K, committed 9088K, reserved 1048576K
}
Event: 7.019 GC heap before
{Heap before GC invocations=20 (full 0):
 garbage-first heap   total 60416K, used 50894K [0x0000000083600000, 0x0000000100000000)
  region size 1024K, 12 young (12288K), 2 survivors (2048K)
 Metaspace       used 62999K, committed 63616K, reserved 1114112K
  class space    used 8805K, committed 9088K, reserved 1048576K
}
Event: 7.022 GC heap after
{Heap after GC invocations=21 (full 0):
 garbage-first heap   total 60416K, used 41559K [0x0000000083600000, 0x0000000100000000)
  region size 1024K, 1 young (1024K), 1 survivors (1024K)
 Metaspace       used 62999K, committed 63616K, reserved 1114112K
  class space    used 8805K, committed 9088K, reserved 1048576K
}
Event: 7.039 GC heap before
{Heap before GC invocations=21 (full 0):
 garbage-first heap   total 60416K, used 51799K [0x0000000083600000, 0x0000000100000000)
  region size 1024K, 11 young (11264K), 1 survivors (1024K)
 Metaspace       used 63011K, committed 63616K, reserved 1114112K
  class space    used 8805K, committed 9088K, reserved 1048576K
}
Event: 7.041 GC heap after
{Heap after GC invocations=22 (full 0):
 garbage-first heap   total 60416K, used 42460K [0x0000000083600000, 0x0000000100000000)
  region size 1024K, 2 young (2048K), 2 survivors (2048K)
 Metaspace       used 63011K, committed 63616K, reserved 1114112K
  class space    used 8805K, committed 9088K, reserved 1048576K
}
Event: 7.066 GC heap before
{Heap before GC invocations=22 (full 0):
 garbage-first heap   total 60416K, used 52700K [0x0000000083600000, 0x0000000100000000)
  region size 1024K, 12 young (12288K), 2 survivors (2048K)
 Metaspace       used 63011K, committed 63616K, reserved 1114112K
  class space    used 8805K, committed 9088K, reserved 1048576K
}

